{"/Users/zhimao.lin/evilrescuer/fe-learning/test-scaffold/src/app/app.js": {"path":"/Users/zhimao.lin/evilrescuer/fe-learning/test-scaffold/src/app/app.js","statementMap":{"0":{"start":{"line":5,"column":4},"end":{"line":7,"column":5}}},"fnMap":{"0":{"name":"(anonymous_0)","decl":{"start":{"line":4,"column":2},"end":{"line":4,"column":3}},"loc":{"start":{"line":4,"column":11},"end":{"line":8,"column":3}},"line":4}},"branchMap":{},"s":{"0":0},"f":{"0":0},"b":{},"_coverageSchema":"1a1c01bbd47fc00a2c39e90264f33305004495a9","hash":"2e18d92fb6523541b3d0ac331daf3f8124ec2e42"}
}
